Arguments: 
  C:\Program Files\nodejs\node.exe C:\Program Files (x86)\Yarn\bin\yarn.js add @babel/preset-env

PATH: 
  C:\Program Files\Git\mingw64\bin;C:\Program Files\Git\usr\bin;C:\Users\Michu1234\bin;C:\WINDOWS\system32;C:\WINDOWS;C:\WINDOWS\System32\Wbem;C:\WINDOWS\System32\WindowsPowerShell\v1.0;C:\Program Files (x86)\Yarn\bin;C:\Program Files (x86)\Windows Kits\8.1\Windows Performance Toolkit;C:\Program Files\PuTTY;C:\WINDOWS\System32\OpenSSH;C:\Program Files (x86)\Brackets\command;C:\Program Files\TortoiseHg;C:\Program Files\nodejs;C:\Program Files\Git\cmd;C:\Users\Michu1234\AppData\Local\Yarn\bin;C:\Users\Michu1234\AppData\Local\Microsoft\WindowsApps;C:\Program Files\Microsoft VS Code\bin;C:\Users\Michu1234\AppData\Local\atom\bin;C:\Users\Michu1234\AppData\Local\Microsoft\WindowsApps;C:\Users\Michu1234\AppData\Local\Programs\Microsoft VS Code\bin;C:\Users\Michu1234\AppData\Roaming\npm

Yarn version: 
  1.3.2

Node version: 
  8.12.0

Platform: 
  win32 x64

npm manifest: 
  {
    "name": "landing_page",
    "version": "1.0.0",
    "description": "",
    "main": "gulpfile.js",
    "scripts": {
      "test": "echo \"Error: no test specified\" && exit 1"
    },
    "repository": {
      "type": "git",
      "url": "git+https://github.com/michu1234/landing_page.git"
    },
    "author": "",
    "license": "ISC",
    "bugs": {
      "url": "https://github.com/michu1234/landing_page/issues"
    },
    "homepage": "https://github.com/michu1234/landing_page#readme",
    "devDependencies": {
      "gulp": "^3.9.1",
      "gulp-livereload": "^4.0.1",
      "gulp-sass": "^4.0.2",
      "node-sass": "^4.10.0"
    },
    "dependencies": {
      "sass": "^1.15.2"
    }
  }

yarn manifest: 
  No manifest

Lockfile: 
  No lockfile

Trace: 
  Error: EPERM: operation not permitted, unlink 'C:\Users\Michu1234\Desktop\Simon - Kanada\landing_page\node_modules\node-sass\vendor\win32-x64-57\binding.node'
